Analysis & Synthesis report for Lab2_top
Mon Jan 25 15:18:04 2016
Quartus II 64-Bit Version 13.0.1 Build 232 06/12/2013 Service Pack 1 SJ Full Version


---------------------
; Table of Contents ;
---------------------
  1. Legal Notice
  2. Analysis & Synthesis Summary
  3. Analysis & Synthesis Settings
  4. Parallel Compilation
  5. Analysis & Synthesis Source Files Read
  6. Analysis & Synthesis Resource Usage Summary
  7. Analysis & Synthesis Resource Utilization by Entity
  8. General Register Statistics
  9. Multiplexer Restructuring Statistics (Restructuring Performed)
 10. Parameter Settings for Inferred Entity Instance: new_balance:Balancing|lpm_mult:Mult0
 11. lpm_mult Parameter Settings by Entity Instance
 12. Port Connectivity Checks: "digit7seg:Hexseven"
 13. Elapsed Time Per Partition
 14. Analysis & Synthesis Messages



----------------
; Legal Notice ;
----------------
Copyright (C) 1991-2013 Altera Corporation
Your use of Altera Corporation's design tools, logic functions 
and other software and tools, and its AMPP partner logic 
functions, and any output files from any of the foregoing 
(including device programming or simulation files), and any 
associated documentation or information are expressly subject 
to the terms and conditions of the Altera Program License 
Subscription Agreement, Altera MegaCore Function License 
Agreement, or other applicable license agreement, including, 
without limitation, that your use is for the sole purpose of 
programming logic devices manufactured by Altera and sold by 
Altera or its authorized distributors.  Please refer to the 
applicable agreement for further details.



+---------------------------------------------------------------------------------------+
; Analysis & Synthesis Summary                                                          ;
+------------------------------------+--------------------------------------------------+
; Analysis & Synthesis Status        ; Successful - Mon Jan 25 15:18:04 2016            ;
; Quartus II 64-Bit Version          ; 13.0.1 Build 232 06/12/2013 SP 1 SJ Full Version ;
; Revision Name                      ; Lab2_top                                         ;
; Top-level Entity Name              ; lab2_top                                         ;
; Family                             ; Cyclone II                                       ;
; Total logic elements               ; 392                                              ;
;     Total combinational functions  ; 373                                              ;
;     Dedicated logic registers      ; 67                                               ;
; Total registers                    ; 67                                               ;
; Total pins                         ; 83                                               ;
; Total virtual pins                 ; 0                                                ;
; Total memory bits                  ; 0                                                ;
; Embedded Multiplier 9-bit elements ; 0                                                ;
; Total PLLs                         ; 0                                                ;
+------------------------------------+--------------------------------------------------+


+----------------------------------------------------------------------------------------------------------------------+
; Analysis & Synthesis Settings                                                                                        ;
+----------------------------------------------------------------------------+--------------------+--------------------+
; Option                                                                     ; Setting            ; Default Value      ;
+----------------------------------------------------------------------------+--------------------+--------------------+
; Device                                                                     ; EP2C35F672C6       ;                    ;
; Top-level entity name                                                      ; Lab2_top           ; Lab2_top           ;
; Family name                                                                ; Cyclone II         ; Cyclone IV GX      ;
; VHDL Show LMF Mapping Messages                                             ; Off                ;                    ;
; VHDL Version                                                               ; VHDL_2008          ; VHDL_1993          ;
; Use smart compilation                                                      ; Off                ; Off                ;
; Enable parallel Assembler and TimeQuest Timing Analyzer during compilation ; On                 ; On                 ;
; Enable compact report table                                                ; Off                ; Off                ;
; Restructure Multiplexers                                                   ; Auto               ; Auto               ;
; Create Debugging Nodes for IP Cores                                        ; Off                ; Off                ;
; Preserve fewer node names                                                  ; On                 ; On                 ;
; Disable OpenCore Plus hardware evaluation                                  ; Off                ; Off                ;
; Verilog Version                                                            ; Verilog_2001       ; Verilog_2001       ;
; State Machine Processing                                                   ; Auto               ; Auto               ;
; Safe State Machine                                                         ; Off                ; Off                ;
; Extract Verilog State Machines                                             ; On                 ; On                 ;
; Extract VHDL State Machines                                                ; On                 ; On                 ;
; Ignore Verilog initial constructs                                          ; Off                ; Off                ;
; Iteration limit for constant Verilog loops                                 ; 5000               ; 5000               ;
; Iteration limit for non-constant Verilog loops                             ; 250                ; 250                ;
; Add Pass-Through Logic to Inferred RAMs                                    ; On                 ; On                 ;
; Infer RAMs from Raw Logic                                                  ; On                 ; On                 ;
; Parallel Synthesis                                                         ; On                 ; On                 ;
; DSP Block Balancing                                                        ; Auto               ; Auto               ;
; NOT Gate Push-Back                                                         ; On                 ; On                 ;
; Power-Up Don't Care                                                        ; On                 ; On                 ;
; Remove Redundant Logic Cells                                               ; Off                ; Off                ;
; Remove Duplicate Registers                                                 ; On                 ; On                 ;
; Ignore CARRY Buffers                                                       ; Off                ; Off                ;
; Ignore CASCADE Buffers                                                     ; Off                ; Off                ;
; Ignore GLOBAL Buffers                                                      ; Off                ; Off                ;
; Ignore ROW GLOBAL Buffers                                                  ; Off                ; Off                ;
; Ignore LCELL Buffers                                                       ; Off                ; Off                ;
; Ignore SOFT Buffers                                                        ; On                 ; On                 ;
; Limit AHDL Integers to 32 Bits                                             ; Off                ; Off                ;
; Optimization Technique                                                     ; Balanced           ; Balanced           ;
; Carry Chain Length                                                         ; 70                 ; 70                 ;
; Auto Carry Chains                                                          ; On                 ; On                 ;
; Auto Open-Drain Pins                                                       ; On                 ; On                 ;
; Perform WYSIWYG Primitive Resynthesis                                      ; Off                ; Off                ;
; Auto ROM Replacement                                                       ; On                 ; On                 ;
; Auto RAM Replacement                                                       ; On                 ; On                 ;
; Auto Shift Register Replacement                                            ; Auto               ; Auto               ;
; Allow Shift Register Merging across Hierarchies                            ; Auto               ; Auto               ;
; Auto Clock Enable Replacement                                              ; On                 ; On                 ;
; Strict RAM Replacement                                                     ; Off                ; Off                ;
; Allow Synchronous Control Signals                                          ; On                 ; On                 ;
; Force Use of Synchronous Clear Signals                                     ; Off                ; Off                ;
; Auto RAM to Logic Cell Conversion                                          ; Off                ; Off                ;
; Auto Resource Sharing                                                      ; Off                ; Off                ;
; Allow Any RAM Size For Recognition                                         ; Off                ; Off                ;
; Allow Any ROM Size For Recognition                                         ; Off                ; Off                ;
; Allow Any Shift Register Size For Recognition                              ; Off                ; Off                ;
; Use LogicLock Constraints during Resource Balancing                        ; On                 ; On                 ;
; Ignore translate_off and synthesis_off directives                          ; Off                ; Off                ;
; Timing-Driven Synthesis                                                    ; Off                ; Off                ;
; Report Parameter Settings                                                  ; On                 ; On                 ;
; Report Source Assignments                                                  ; On                 ; On                 ;
; Report Connectivity Checks                                                 ; On                 ; On                 ;
; Ignore Maximum Fan-Out Assignments                                         ; Off                ; Off                ;
; Synchronization Register Chain Length                                      ; 2                  ; 2                  ;
; PowerPlay Power Optimization                                               ; Normal compilation ; Normal compilation ;
; HDL message level                                                          ; Level2             ; Level2             ;
; Suppress Register Optimization Related Messages                            ; Off                ; Off                ;
; Number of Removed Registers Reported in Synthesis Report                   ; 5000               ; 5000               ;
; Number of Swept Nodes Reported in Synthesis Report                         ; 5000               ; 5000               ;
; Number of Inverted Registers Reported in Synthesis Report                  ; 100                ; 100                ;
; Clock MUX Protection                                                       ; On                 ; On                 ;
; Auto Gated Clock Conversion                                                ; Off                ; Off                ;
; Block Design Naming                                                        ; Auto               ; Auto               ;
; SDC constraint protection                                                  ; Off                ; Off                ;
; Synthesis Effort                                                           ; Auto               ; Auto               ;
; Shift Register Replacement - Allow Asynchronous Clear Signal               ; On                 ; On                 ;
; Pre-Mapping Resynthesis Optimization                                       ; Off                ; Off                ;
; Analysis & Synthesis Message Level                                         ; Medium             ; Medium             ;
; Disable Register Merging Across Hierarchies                                ; Auto               ; Auto               ;
; Resource Aware Inference For Block RAM                                     ; On                 ; On                 ;
; Synthesis Seed                                                             ; 1                  ; 1                  ;
+----------------------------------------------------------------------------+--------------------+--------------------+


+------------------------------------------+
; Parallel Compilation                     ;
+----------------------------+-------------+
; Processors                 ; Number      ;
+----------------------------+-------------+
; Number detected on machine ; 4           ;
; Maximum allowed            ; 4           ;
;                            ;             ;
; Average used               ; 1.00        ;
; Maximum used               ; 1           ;
;                            ;             ;
; Usage by Processor         ; % Time Used ;
;     Processor 1            ; 100.0%      ;
;     Processors 2-4         ;   0.0%      ;
+----------------------------+-------------+


+-------------------------------------------------------------------------------------------------------------------------------------------------------+
; Analysis & Synthesis Source Files Read                                                                                                                ;
+----------------------------------+-----------------+-----------------+----------------------------------------------------------------------+---------+
; File Name with User-Entered Path ; Used in Netlist ; File Type       ; File Name with Absolute Path                                         ; Library ;
+----------------------------------+-----------------+-----------------+----------------------------------------------------------------------+---------+
; digit7seg.vhd                    ; yes             ; User VHDL File  ; Z:/cpen311/lab2/quartus/quartus/digit7seg.vhd                        ;         ;
; new_balance.vhd                  ; yes             ; User VHDL File  ; Z:/cpen311/lab2/quartus/quartus/new_balance.vhd                      ;         ;
; Win.vhd                          ; yes             ; User VHDL File  ; Z:/cpen311/lab2/quartus/quartus/Win.vhd                              ;         ;
; roulette.vhd                     ; yes             ; User VHDL File  ; Z:/cpen311/lab2/quartus/quartus/roulette.vhd                         ;         ;
; spinwheel.vhd                    ; yes             ; User VHDL File  ; Z:/cpen311/lab2/quartus/quartus/spinwheel.vhd                        ;         ;
; lpm_mult.tdf                     ; yes             ; Megafunction    ; c:/altera/13.0sp1/quartus/libraries/megafunctions/lpm_mult.tdf       ;         ;
; aglobal130.inc                   ; yes             ; Megafunction    ; c:/altera/13.0sp1/quartus/libraries/megafunctions/aglobal130.inc     ;         ;
; lpm_add_sub.inc                  ; yes             ; Megafunction    ; c:/altera/13.0sp1/quartus/libraries/megafunctions/lpm_add_sub.inc    ;         ;
; multcore.inc                     ; yes             ; Megafunction    ; c:/altera/13.0sp1/quartus/libraries/megafunctions/multcore.inc       ;         ;
; bypassff.inc                     ; yes             ; Megafunction    ; c:/altera/13.0sp1/quartus/libraries/megafunctions/bypassff.inc       ;         ;
; altshift.inc                     ; yes             ; Megafunction    ; c:/altera/13.0sp1/quartus/libraries/megafunctions/altshift.inc       ;         ;
; multcore.tdf                     ; yes             ; Megafunction    ; c:/altera/13.0sp1/quartus/libraries/megafunctions/multcore.tdf       ;         ;
; csa_add.inc                      ; yes             ; Megafunction    ; c:/altera/13.0sp1/quartus/libraries/megafunctions/csa_add.inc        ;         ;
; mpar_add.inc                     ; yes             ; Megafunction    ; c:/altera/13.0sp1/quartus/libraries/megafunctions/mpar_add.inc       ;         ;
; muleabz.inc                      ; yes             ; Megafunction    ; c:/altera/13.0sp1/quartus/libraries/megafunctions/muleabz.inc        ;         ;
; mul_lfrg.inc                     ; yes             ; Megafunction    ; c:/altera/13.0sp1/quartus/libraries/megafunctions/mul_lfrg.inc       ;         ;
; mul_boothc.inc                   ; yes             ; Megafunction    ; c:/altera/13.0sp1/quartus/libraries/megafunctions/mul_boothc.inc     ;         ;
; alt_ded_mult.inc                 ; yes             ; Megafunction    ; c:/altera/13.0sp1/quartus/libraries/megafunctions/alt_ded_mult.inc   ;         ;
; alt_ded_mult_y.inc               ; yes             ; Megafunction    ; c:/altera/13.0sp1/quartus/libraries/megafunctions/alt_ded_mult_y.inc ;         ;
; dffpipe.inc                      ; yes             ; Megafunction    ; c:/altera/13.0sp1/quartus/libraries/megafunctions/dffpipe.inc        ;         ;
; mpar_add.tdf                     ; yes             ; Megafunction    ; c:/altera/13.0sp1/quartus/libraries/megafunctions/mpar_add.tdf       ;         ;
; altshift.tdf                     ; yes             ; Megafunction    ; c:/altera/13.0sp1/quartus/libraries/megafunctions/altshift.tdf       ;         ;
+----------------------------------+-----------------+-----------------+----------------------------------------------------------------------+---------+


+------------------------------------------------------+
; Analysis & Synthesis Resource Usage Summary          ;
+---------------------------------------------+--------+
; Resource                                    ; Usage  ;
+---------------------------------------------+--------+
; Estimated Total logic elements              ; 392    ;
;                                             ;        ;
; Total combinational functions               ; 373    ;
; Logic element usage by number of LUT inputs ;        ;
;     -- 4 input functions                    ; 145    ;
;     -- 3 input functions                    ; 75     ;
;     -- <=2 input functions                  ; 153    ;
;                                             ;        ;
; Logic elements by mode                      ;        ;
;     -- normal mode                          ; 212    ;
;     -- arithmetic mode                      ; 161    ;
;                                             ;        ;
; Total registers                             ; 67     ;
;     -- Dedicated logic registers            ; 67     ;
;     -- I/O registers                        ; 0      ;
;                                             ;        ;
; I/O pins                                    ; 83     ;
; Embedded Multiplier 9-bit elements          ; 0      ;
; Maximum fan-out node                        ; KEY[0] ;
; Maximum fan-out                             ; 35     ;
; Total fan-out                               ; 1307   ;
; Average fan-out                             ; 2.50   ;
+---------------------------------------------+--------+


+------------------------------------------------------------------------------------------------------------------------------------------------------------------------------------------------------------------------------+
; Analysis & Synthesis Resource Utilization by Entity                                                                                                                                                                          ;
+-------------------------------+-------------------+--------------+-------------+--------------+---------+-----------+------+--------------+-------------------------------------------------------------------+--------------+
; Compilation Hierarchy Node    ; LC Combinationals ; LC Registers ; Memory Bits ; DSP Elements ; DSP 9x9 ; DSP 18x18 ; Pins ; Virtual Pins ; Full Hierarchy Name                                               ; Library Name ;
+-------------------------------+-------------------+--------------+-------------+--------------+---------+-----------+------+--------------+-------------------------------------------------------------------+--------------+
; |lab2_top                     ; 373 (0)           ; 67 (35)      ; 0           ; 0            ; 0       ; 0         ; 83   ; 0            ; |lab2_top                                                         ; work         ;
;    |digit7seg:Hexone|         ; 7 (7)             ; 0 (0)        ; 0           ; 0            ; 0       ; 0         ; 0    ; 0            ; |lab2_top|digit7seg:Hexone                                        ; work         ;
;    |digit7seg:Hexseven|       ; 3 (3)             ; 0 (0)        ; 0           ; 0            ; 0       ; 0         ; 0    ; 0            ; |lab2_top|digit7seg:Hexseven                                      ; work         ;
;    |digit7seg:Hexsix|         ; 7 (7)             ; 0 (0)        ; 0           ; 0            ; 0       ; 0         ; 0    ; 0            ; |lab2_top|digit7seg:Hexsix                                        ; work         ;
;    |digit7seg:Hexthree|       ; 7 (7)             ; 0 (0)        ; 0           ; 0            ; 0       ; 0         ; 0    ; 0            ; |lab2_top|digit7seg:Hexthree                                      ; work         ;
;    |digit7seg:Hextwo|         ; 7 (7)             ; 0 (0)        ; 0           ; 0            ; 0       ; 0         ; 0    ; 0            ; |lab2_top|digit7seg:Hextwo                                        ; work         ;
;    |digit7seg:Hexzero|        ; 7 (7)             ; 0 (0)        ; 0           ; 0            ; 0       ; 0         ; 0    ; 0            ; |lab2_top|digit7seg:Hexzero                                       ; work         ;
;    |new_balance:Balancing|    ; 148 (144)         ; 0 (0)        ; 0           ; 0            ; 0       ; 0         ; 0    ; 0            ; |lab2_top|new_balance:Balancing                                   ; work         ;
;       |lpm_mult:Mult0|        ; 4 (0)             ; 0 (0)        ; 0           ; 0            ; 0       ; 0         ; 0    ; 0            ; |lab2_top|new_balance:Balancing|lpm_mult:Mult0                    ; work         ;
;          |multcore:mult_core| ; 4 (4)             ; 0 (0)        ; 0           ; 0            ; 0       ; 0         ; 0    ; 0            ; |lab2_top|new_balance:Balancing|lpm_mult:Mult0|multcore:mult_core ; work         ;
;    |spinwheel:Spinner|        ; 45 (45)           ; 32 (32)      ; 0           ; 0            ; 0       ; 0         ; 0    ; 0            ; |lab2_top|spinwheel:Spinner                                       ; work         ;
;    |win:Winner|               ; 142 (142)         ; 0 (0)        ; 0           ; 0            ; 0       ; 0         ; 0    ; 0            ; |lab2_top|win:Winner                                              ; work         ;
+-------------------------------+-------------------+--------------+-------------+--------------+---------+-----------+------+--------------+-------------------------------------------------------------------+--------------+
Note: For table entries with two numbers listed, the numbers in parentheses indicate the number of resources of the given type used by the specific entity alone. The numbers listed outside of parentheses indicate the total resources of the given type used by the specific entity and all of its sub-entities in the hierarchy.


+------------------------------------------------------+
; General Register Statistics                          ;
+----------------------------------------------+-------+
; Statistic                                    ; Value ;
+----------------------------------------------+-------+
; Total registers                              ; 67    ;
; Number of registers using Synchronous Clear  ; 0     ;
; Number of registers using Synchronous Load   ; 0     ;
; Number of registers using Asynchronous Clear ; 32    ;
; Number of registers using Asynchronous Load  ; 0     ;
; Number of registers using Clock Enable       ; 0     ;
; Number of registers using Preset             ; 0     ;
+----------------------------------------------+-------+


+-------------------------------------------------------------------------------------------------------------------------------------------------------------+
; Multiplexer Restructuring Statistics (Restructuring Performed)                                                                                              ;
+--------------------+-----------+---------------+----------------------+------------------------+------------+-----------------------------------------------+
; Multiplexer Inputs ; Bus Width ; Baseline Area ; Area if Restructured ; Saving if Restructured ; Registered ; Example Multiplexer Output                    ;
+--------------------+-----------+---------------+----------------------+------------------------+------------+-----------------------------------------------+
; 4:1                ; 16 bits   ; 32 LEs        ; 32 LEs               ; 0 LEs                  ; No         ; |lab2_top|new_balance:Balancing|new_money[13] ;
; 16:1               ; 6 bits    ; 60 LEs        ; 6 LEs                ; 54 LEs                 ; No         ; |lab2_top|win:Winner|Mux17                    ;
; 16:1               ; 6 bits    ; 60 LEs        ; 6 LEs                ; 54 LEs                 ; No         ; |lab2_top|win:Winner|Mux37                    ;
; 16:1               ; 6 bits    ; 60 LEs        ; 6 LEs                ; 54 LEs                 ; No         ; |lab2_top|win:Winner|Mux28                    ;
; 16:1               ; 6 bits    ; 60 LEs        ; 6 LEs                ; 54 LEs                 ; No         ; |lab2_top|win:Winner|Mux9                     ;
; 8:1                ; 3 bits    ; 15 LEs        ; 6 LEs                ; 9 LEs                  ; No         ; |lab2_top|win:Winner|win_straightup           ;
+--------------------+-----------+---------------+----------------------+------------------------+------------+-----------------------------------------------+


+---------------------------------------------------------------------------------------+
; Parameter Settings for Inferred Entity Instance: new_balance:Balancing|lpm_mult:Mult0 ;
+------------------------------------------------+------------+-------------------------+
; Parameter Name                                 ; Value      ; Type                    ;
+------------------------------------------------+------------+-------------------------+
; AUTO_CARRY_CHAINS                              ; ON         ; AUTO_CARRY              ;
; IGNORE_CARRY_BUFFERS                           ; OFF        ; IGNORE_CARRY            ;
; AUTO_CASCADE_CHAINS                            ; ON         ; AUTO_CASCADE            ;
; IGNORE_CASCADE_BUFFERS                         ; OFF        ; IGNORE_CASCADE          ;
; LPM_WIDTHA                                     ; 6          ; Untyped                 ;
; LPM_WIDTHB                                     ; 3          ; Untyped                 ;
; LPM_WIDTHP                                     ; 9          ; Untyped                 ;
; LPM_WIDTHR                                     ; 9          ; Untyped                 ;
; LPM_WIDTHS                                     ; 1          ; Untyped                 ;
; LPM_REPRESENTATION                             ; UNSIGNED   ; Untyped                 ;
; LPM_PIPELINE                                   ; 0          ; Untyped                 ;
; LATENCY                                        ; 0          ; Untyped                 ;
; INPUT_A_IS_CONSTANT                            ; YES        ; Untyped                 ;
; INPUT_B_IS_CONSTANT                            ; NO         ; Untyped                 ;
; USE_EAB                                        ; OFF        ; Untyped                 ;
; MAXIMIZE_SPEED                                 ; 5          ; Untyped                 ;
; DEVICE_FAMILY                                  ; Cyclone II ; Untyped                 ;
; CARRY_CHAIN                                    ; MANUAL     ; Untyped                 ;
; APEX20K_TECHNOLOGY_MAPPER                      ; LUT        ; TECH_MAPPER_APEX20K     ;
; DEDICATED_MULTIPLIER_CIRCUITRY                 ; AUTO       ; Untyped                 ;
; DEDICATED_MULTIPLIER_MIN_INPUT_WIDTH_FOR_AUTO  ; 0          ; Untyped                 ;
; DEDICATED_MULTIPLIER_MIN_OUTPUT_WIDTH_FOR_AUTO ; 0          ; Untyped                 ;
; CBXI_PARAMETER                                 ; NOTHING    ; Untyped                 ;
; INPUT_A_FIXED_VALUE                            ; Bx         ; Untyped                 ;
; INPUT_B_FIXED_VALUE                            ; Bx         ; Untyped                 ;
; USE_AHDL_IMPLEMENTATION                        ; OFF        ; Untyped                 ;
+------------------------------------------------+------------+-------------------------+
Note: In order to hide this table in the UI and the text report file, please set the "Show Parameter Settings in Synthesis Report" option in "Analysis and Synthesis Settings -> More Settings" to "Off".


+------------------------------------------------------------------------------+
; lpm_mult Parameter Settings by Entity Instance                               ;
+---------------------------------------+--------------------------------------+
; Name                                  ; Value                                ;
+---------------------------------------+--------------------------------------+
; Number of entity instances            ; 1                                    ;
; Entity Instance                       ; new_balance:Balancing|lpm_mult:Mult0 ;
;     -- LPM_WIDTHA                     ; 6                                    ;
;     -- LPM_WIDTHB                     ; 3                                    ;
;     -- LPM_WIDTHP                     ; 9                                    ;
;     -- LPM_REPRESENTATION             ; UNSIGNED                             ;
;     -- INPUT_A_IS_CONSTANT            ; YES                                  ;
;     -- INPUT_B_IS_CONSTANT            ; NO                                   ;
;     -- USE_EAB                        ; OFF                                  ;
;     -- DEDICATED_MULTIPLIER_CIRCUITRY ; AUTO                                 ;
;     -- INPUT_A_FIXED_VALUE            ; Bx                                   ;
;     -- INPUT_B_FIXED_VALUE            ; Bx                                   ;
+---------------------------------------+--------------------------------------+


+------------------------------------------------+
; Port Connectivity Checks: "digit7seg:Hexseven" ;
+-------------+-------+----------+---------------+
; Port        ; Type  ; Severity ; Details       ;
+-------------+-------+----------+---------------+
; digit[3..2] ; Input ; Info     ; Stuck at GND  ;
+-------------+-------+----------+---------------+


+-------------------------------+
; Elapsed Time Per Partition    ;
+----------------+--------------+
; Partition Name ; Elapsed Time ;
+----------------+--------------+
; Top            ; 00:00:02     ;
+----------------+--------------+


+-------------------------------+
; Analysis & Synthesis Messages ;
+-------------------------------+
Info: *******************************************************************
Info: Running Quartus II 64-Bit Analysis & Synthesis
    Info: Version 13.0.1 Build 232 06/12/2013 Service Pack 1 SJ Full Version
    Info: Processing started: Mon Jan 25 15:17:49 2016
Info: Command: quartus_map --read_settings_files=on --write_settings_files=off Lab2_top -c Lab2_top
Info (20030): Parallel compilation is enabled and will use 4 of the 4 processors detected
Info (12021): Found 2 design units, including 1 entities, in source file digit7seg.vhd
    Info (12022): Found design unit 1: digit7seg-behavioral
    Info (12023): Found entity 1: digit7seg
Info (12021): Found 2 design units, including 1 entities, in source file new_balance.vhd
    Info (12022): Found design unit 1: new_balance-behavioural
    Info (12023): Found entity 1: new_balance
Info (12021): Found 2 design units, including 1 entities, in source file win.vhd
    Info (12022): Found design unit 1: win-behavioural
    Info (12023): Found entity 1: win
Info (12021): Found 2 design units, including 1 entities, in source file roulette.vhd
    Info (12022): Found design unit 1: lab2_top-structural
    Info (12023): Found entity 1: lab2_top
Info (12021): Found 2 design units, including 1 entities, in source file spinwheel.vhd
    Info (12022): Found design unit 1: spinwheel-behavioral
    Info (12023): Found entity 1: spinwheel
Info (12127): Elaborating entity "Lab2_top" for the top level hierarchy
Warning (10873): Using initial value X (don't care) for net "LEDG[3]" at roulette.vhd(24)
Info (12128): Elaborating entity "digit7seg" for hierarchy "digit7seg:Hexzero"
Info (12128): Elaborating entity "spinwheel" for hierarchy "spinwheel:Spinner"
Info (12128): Elaborating entity "win" for hierarchy "win:Winner"
Info (12128): Elaborating entity "new_balance" for hierarchy "new_balance:Balancing"
Info (278001): Inferred 1 megafunctions from design logic
    Info (278003): Inferred multiplier megafunction ("lpm_mult") from the following logic: "new_balance:Balancing|Mult0"
Info (12130): Elaborated megafunction instantiation "new_balance:Balancing|lpm_mult:Mult0"
Info (12133): Instantiated megafunction "new_balance:Balancing|lpm_mult:Mult0" with the following parameter:
    Info (12134): Parameter "LPM_WIDTHA" = "6"
    Info (12134): Parameter "LPM_WIDTHB" = "3"
    Info (12134): Parameter "LPM_WIDTHP" = "9"
    Info (12134): Parameter "LPM_WIDTHR" = "9"
    Info (12134): Parameter "LPM_WIDTHS" = "1"
    Info (12134): Parameter "LPM_REPRESENTATION" = "UNSIGNED"
    Info (12134): Parameter "INPUT_A_IS_CONSTANT" = "YES"
    Info (12134): Parameter "INPUT_B_IS_CONSTANT" = "NO"
    Info (12134): Parameter "MAXIMIZE_SPEED" = "5"
Info (12131): Elaborated megafunction instantiation "new_balance:Balancing|lpm_mult:Mult0|multcore:mult_core", which is child of megafunction instantiation "new_balance:Balancing|lpm_mult:Mult0"
Info (12131): Elaborated megafunction instantiation "new_balance:Balancing|lpm_mult:Mult0|multcore:mult_core|mpar_add:padder", which is child of megafunction instantiation "new_balance:Balancing|lpm_mult:Mult0"
Info (12131): Elaborated megafunction instantiation "new_balance:Balancing|lpm_mult:Mult0|altshift:external_latency_ffs", which is child of megafunction instantiation "new_balance:Balancing|lpm_mult:Mult0"
Warning (13024): Output pins are stuck at VCC or GND
    Warning (13410): Pin "LEDG[3]" is stuck at GND
    Warning (13410): Pin "HEX7[1]" is stuck at GND
    Warning (13410): Pin "HEX5[0]" is stuck at GND
    Warning (13410): Pin "HEX5[1]" is stuck at GND
    Warning (13410): Pin "HEX5[2]" is stuck at GND
    Warning (13410): Pin "HEX5[3]" is stuck at GND
    Warning (13410): Pin "HEX5[4]" is stuck at GND
    Warning (13410): Pin "HEX5[5]" is stuck at GND
    Warning (13410): Pin "HEX5[6]" is stuck at GND
    Warning (13410): Pin "HEX4[0]" is stuck at GND
    Warning (13410): Pin "HEX4[1]" is stuck at GND
    Warning (13410): Pin "HEX4[2]" is stuck at GND
    Warning (13410): Pin "HEX4[3]" is stuck at GND
    Warning (13410): Pin "HEX4[4]" is stuck at GND
    Warning (13410): Pin "HEX4[5]" is stuck at GND
    Warning (13410): Pin "HEX4[6]" is stuck at GND
Critical Warning (18061): Ignored Power-Up Level option on the following registers
    Critical Warning (18010): Register spinwheel:Spinner|wheel_internal[0] will power up to Low
    Critical Warning (18010): Register spinwheel:Spinner|wheel_internal[31] will power up to Low
Info (16010): Generating hard_block partition "hard_block:auto_generated_inst"
    Info (16011): Adding 0 node(s), including 0 DDIO, 0 PLL, 0 transceiver and 0 LCELL
Warning (21074): Design contains 7 input pin(s) that do not drive logic
    Warning (15610): No output dependent on input pin "KEY[2]"
    Warning (15610): No output dependent on input pin "KEY[3]"
    Warning (15610): No output dependent on input pin "SW[13]"
    Warning (15610): No output dependent on input pin "SW[14]"
    Warning (15610): No output dependent on input pin "SW[15]"
    Warning (15610): No output dependent on input pin "SW[16]"
    Warning (15610): No output dependent on input pin "SW[17]"
Info (21057): Implemented 491 device resources after synthesis - the final resource count might be different
    Info (21058): Implemented 23 input pins
    Info (21059): Implemented 60 output pins
    Info (21061): Implemented 408 logic cells
Info: Quartus II 64-Bit Analysis & Synthesis was successful. 0 errors, 29 warnings
    Info: Peak virtual memory: 510 megabytes
    Info: Processing ended: Mon Jan 25 15:18:04 2016
    Info: Elapsed time: 00:00:15
    Info: Total CPU time (on all processors): 00:00:05


